[debug] [2025-05-20T07:03:10.084Z] ----------------------------------------------------------------------
[debug] [2025-05-20T07:03:10.086Z] Command:       C:\Program Files\nodejs\node.exe C:\Users\itrom\AppData\Roaming\npm\node_modules\firebase-tools\lib\bin\firebase.js init
[debug] [2025-05-20T07:03:10.087Z] CLI Version:   14.4.0
[debug] [2025-05-20T07:03:10.087Z] Platform:      win32
[debug] [2025-05-20T07:03:10.087Z] Node Version:  v22.15.1
[debug] [2025-05-20T07:03:10.087Z] Time:          Tue May 20 2025 10:03:10 GMT+0300 (за східноєвропейським літнім часом)
[debug] [2025-05-20T07:03:10.088Z] ----------------------------------------------------------------------
[debug] 
[debug] [2025-05-20T07:03:10.093Z] > command requires scopes: ["email","openid","https://www.googleapis.com/auth/cloudplatformprojects.readonly","https://www.googleapis.com/auth/firebase","https://www.googleapis.com/auth/cloud-platform"]
[debug] [2025-05-20T07:03:10.093Z] > authorizing via signed-in user (itromanko@gmail.com)
[info] 
     ######## #### ########  ######## ########     ###     ######  ########
     ##        ##  ##     ## ##       ##     ##  ##   ##  ##       ##
     ######    ##  ########  ######   ########  #########  ######  ######
     ##        ##  ##    ##  ##       ##     ## ##     ##       ## ##
     ##       #### ##     ## ######## ########  ##     ##  ######  ########

You're about to initialize a Firebase project in this directory:

  C:\Users\itrom\OneDrive\Робочий стіл\pole System project\pole-system

[debug] [2025-05-20T07:03:42.909Z] ExitPromptError: User force closed the prompt with SIGINT
    at Interface.sigint (C:\Users\itrom\AppData\Roaming\npm\node_modules\firebase-tools\node_modules\@inquirer\core\dist\commonjs\lib\create-prompt.js:100:37)
    at Interface.emit (node:events:518:28)
    at Interface.emit (node:domain:489:12)
    at [_ttyWrite] [as _ttyWrite] (node:internal/readline/interface:1128:18)
    at ReadStream.onkeypress (node:internal/readline/interface:267:20)
    at ReadStream.emit (node:events:530:35)
    at ReadStream.emit (node:domain:489:12)
    at emitKeys (node:internal/readline/utils:370:14)
    at emitKeys.next (<anonymous>)
    at ReadStream.onData (node:internal/readline/emitKeypressEvents:64:36)
[error] 
[error] Error: An unexpected error has occurred.
